2025-01-13 14:09:46,167 INFO o.a.j.u.JMeterUtils: Setting Locale to en_EN
2025-01-13 14:09:46,187 INFO o.a.j.JMeter: Loading user properties from: /usr/local/apache-jmeter-5.6.3/bin/user.properties
2025-01-13 14:09:46,187 INFO o.a.j.JMeter: Loading system properties from: /usr/local/apache-jmeter-5.6.3/bin/system.properties
2025-01-13 14:09:46,192 INFO o.a.j.JMeter: Copyright (c) 1998-2024 The Apache Software Foundation
2025-01-13 14:09:46,192 INFO o.a.j.JMeter: Version 5.6.3
2025-01-13 14:09:46,192 INFO o.a.j.JMeter: java.version=11.0.25
2025-01-13 14:09:46,192 INFO o.a.j.JMeter: java.vm.name=OpenJDK 64-Bit Server VM
2025-01-13 14:09:46,192 INFO o.a.j.JMeter: os.name=Linux
2025-01-13 14:09:46,192 INFO o.a.j.JMeter: os.arch=amd64
2025-01-13 14:09:46,192 INFO o.a.j.JMeter: os.version=5.15.0-125-generic
2025-01-13 14:09:46,192 INFO o.a.j.JMeter: file.encoding=UTF-8
2025-01-13 14:09:46,192 INFO o.a.j.JMeter: java.awt.headless=null
2025-01-13 14:09:46,192 INFO o.a.j.JMeter: Max memory     =1073741824
2025-01-13 14:09:46,192 INFO o.a.j.JMeter: Available Processors =4
2025-01-13 14:09:46,200 INFO o.a.j.JMeter: Default Locale=English (EN)
2025-01-13 14:09:46,201 INFO o.a.j.JMeter: JMeter  Locale=English (EN)
2025-01-13 14:09:46,201 INFO o.a.j.JMeter: JMeterHome=/usr/local/apache-jmeter-5.6.3
2025-01-13 14:09:46,201 INFO o.a.j.JMeter: user.dir  =/root/ticket-seckill
2025-01-13 14:09:46,201 INFO o.a.j.JMeter: PWD       =/root/ticket-seckill
2025-01-13 14:09:46,205 INFO o.a.j.JMeter: IP: 10.10.3.185 Name: huanghj FullName: huanghj
