2025-01-14 04:02:47,431 INFO o.a.j.u.JMeterUtils: Setting Locale to en_EN
2025-01-14 04:02:47,451 INFO o.a.j.JMeter: Loading user properties from: /usr/local/apache-jmeter-5.6.3/bin/user.properties
2025-01-14 04:02:47,452 INFO o.a.j.JMeter: Loading system properties from: /usr/local/apache-jmeter-5.6.3/bin/system.properties
2025-01-14 04:02:47,462 INFO o.a.j.JMeter: Copyright (c) 1998-2024 The Apache Software Foundation
2025-01-14 04:02:47,462 INFO o.a.j.JMeter: Version 5.6.3
2025-01-14 04:02:47,463 INFO o.a.j.JMeter: java.version=11.0.25
2025-01-14 04:02:47,463 INFO o.a.j.JMeter: java.vm.name=OpenJDK 64-Bit Server VM
2025-01-14 04:02:47,463 INFO o.a.j.JMeter: os.name=Linux
2025-01-14 04:02:47,463 INFO o.a.j.JMeter: os.arch=amd64
2025-01-14 04:02:47,463 INFO o.a.j.JMeter: os.version=5.15.0-125-generic
2025-01-14 04:02:47,463 INFO o.a.j.JMeter: file.encoding=UTF-8
2025-01-14 04:02:47,464 INFO o.a.j.JMeter: java.awt.headless=true
2025-01-14 04:02:47,464 INFO o.a.j.JMeter: Max memory     =1073741824
2025-01-14 04:02:47,464 INFO o.a.j.JMeter: Available Processors =4
2025-01-14 04:02:47,477 INFO o.a.j.JMeter: Default Locale=English (EN)
2025-01-14 04:02:47,478 INFO o.a.j.JMeter: JMeter  Locale=English (EN)
2025-01-14 04:02:47,478 INFO o.a.j.JMeter: JMeterHome=/usr/local/apache-jmeter-5.6.3
2025-01-14 04:02:47,478 INFO o.a.j.JMeter: user.dir  =/root/ticket-seckill/jmeter
2025-01-14 04:02:47,478 INFO o.a.j.JMeter: PWD       =/root/ticket-seckill/jmeter
2025-01-14 04:02:47,482 INFO o.a.j.JMeter: IP: 10.10.3.185 Name: huanghj FullName: huanghj
2025-01-14 04:02:47,498 INFO o.a.j.JMeter: Setting property 'jmeter.reportgenerator.outputdir' to:'/root/ticket-seckill/jmeter/report'
2025-01-14 04:02:47,500 INFO o.a.j.s.FileServer: Default base='/root/ticket-seckill/jmeter'
2025-01-14 04:02:47,501 INFO o.a.j.s.FileServer: Set new base='/root/ticket-seckill/jmeter/.'
2025-01-14 04:02:47,716 INFO o.a.j.s.SaveService: Testplan (JMX) version: 2.2. Testlog (JTL) version: 2.2
2025-01-14 04:02:47,738 INFO o.a.j.s.SaveService: Using SaveService properties version 5.0
2025-01-14 04:02:47,742 INFO o.a.j.s.SaveService: Using SaveService properties file encoding UTF-8
2025-01-14 04:02:47,745 INFO o.a.j.s.SaveService: Loading file: ./seckill.jmx
2025-01-14 04:02:47,807 INFO o.a.j.p.h.s.HTTPSamplerBase: Parser for text/html is org.apache.jmeter.protocol.http.parser.LagartoBasedHtmlParser
2025-01-14 04:02:47,808 INFO o.a.j.p.h.s.HTTPSamplerBase: Parser for application/xhtml+xml is org.apache.jmeter.protocol.http.parser.LagartoBasedHtmlParser
2025-01-14 04:02:47,808 INFO o.a.j.p.h.s.HTTPSamplerBase: Parser for application/xml is org.apache.jmeter.protocol.http.parser.LagartoBasedHtmlParser
2025-01-14 04:02:47,808 INFO o.a.j.p.h.s.HTTPSamplerBase: Parser for text/xml is org.apache.jmeter.protocol.http.parser.LagartoBasedHtmlParser
2025-01-14 04:02:47,808 INFO o.a.j.p.h.s.HTTPSamplerBase: Parser for text/vnd.wap.wml is org.apache.jmeter.protocol.http.parser.RegexpHTMLParser
2025-01-14 04:02:47,808 INFO o.a.j.p.h.s.HTTPSamplerBase: Parser for text/css is org.apache.jmeter.protocol.http.parser.CssParser
2025-01-14 04:02:47,821 INFO o.a.j.JMeter: Creating summariser <summary>
2025-01-14 04:02:47,833 INFO o.a.j.r.d.ReportGenerator: ReportGenerator will use for Parsing the separator: ','
2025-01-14 04:02:47,833 INFO o.a.j.r.d.ReportGenerator: Will generate report at end of test from  results file: ./result.jtl
2025-01-14 04:02:47,833 INFO o.a.j.r.d.ReportGenerator: Reading report generator properties from: /usr/local/apache-jmeter-5.6.3/bin/reportgenerator.properties
2025-01-14 04:02:47,834 INFO o.a.j.r.d.ReportGenerator: Merging with JMeter properties
2025-01-14 04:02:47,838 INFO o.a.j.r.c.ReportGeneratorConfiguration: Property 'jmeter.reportgenerator.temp_dir' not found, using default value 'temp' instead.
2025-01-14 04:02:47,840 INFO o.a.j.r.c.ReportGeneratorConfiguration: Property 'jmeter.reportgenerator.apdex_per_transaction' not found, using default value 'null' instead.
2025-01-14 04:02:47,840 INFO o.a.j.r.c.ReportGeneratorConfiguration: apdex_per_transaction is empty, not APDEX per transaction customization
2025-01-14 04:02:47,840 INFO o.a.j.r.c.ReportGeneratorConfiguration: Property 'jmeter.reportgenerator.sample_filter' not found, using default value 'null' instead.
2025-01-14 04:02:47,841 INFO o.a.j.r.c.ReportGeneratorConfiguration: Property 'jmeter.reportgenerator.report_title' not found, using default value 'null' instead.
2025-01-14 04:02:47,841 INFO o.a.j.r.c.ReportGeneratorConfiguration: Property 'jmeter.reportgenerator.start_date' not found, using default value 'null' instead.
2025-01-14 04:02:47,841 INFO o.a.j.r.c.ReportGeneratorConfiguration: Property 'jmeter.reportgenerator.end_date' not found, using default value 'null' instead.
2025-01-14 04:02:47,841 INFO o.a.j.r.c.ReportGeneratorConfiguration: Property 'jmeter.reportgenerator.date_format' not found, using default value 'null' instead.
2025-01-14 04:02:47,841 INFO o.a.j.r.c.ReportGeneratorConfiguration: Will use date range start date: null, end date: null
2025-01-14 04:02:47,845 INFO o.a.j.r.c.ReportGeneratorConfiguration: Property 'jmeter.reportgenerator.graph.totalTPS.exclude_controllers' not found, using default value 'false' instead.
2025-01-14 04:02:47,845 INFO o.a.j.r.c.ReportGeneratorConfiguration: Property 'jmeter.reportgenerator.graph.activeThreadsOverTime.exclude_controllers' not found, using default value 'false' instead.
2025-01-14 04:02:47,845 INFO o.a.j.r.c.ReportGeneratorConfiguration: Property 'jmeter.reportgenerator.graph.timeVsThreads.exclude_controllers' not found, using default value 'false' instead.
2025-01-14 04:02:47,845 INFO o.a.j.r.c.ReportGeneratorConfiguration: Property 'jmeter.reportgenerator.graph.responseTimeDistribution.exclude_controllers' not found, using default value 'false' instead.
2025-01-14 04:02:47,845 INFO o.a.j.r.c.ReportGeneratorConfiguration: Property 'jmeter.reportgenerator.graph.transactionsPerSecond.exclude_controllers' not found, using default value 'false' instead.
2025-01-14 04:02:47,845 INFO o.a.j.r.c.ReportGeneratorConfiguration: Property 'jmeter.reportgenerator.graph.responseTimePercentiles.exclude_controllers' not found, using default value 'false' instead.
2025-01-14 04:02:47,845 INFO o.a.j.r.c.ReportGeneratorConfiguration: Property 'jmeter.reportgenerator.graph.responseTimePercentilesOverTime.exclude_controllers' not found, using default value 'false' instead.
2025-01-14 04:02:47,845 INFO o.a.j.r.c.ReportGeneratorConfiguration: Property 'jmeter.reportgenerator.graph.responseTimesOverTime.exclude_controllers' not found, using default value 'false' instead.
2025-01-14 04:02:47,846 INFO o.a.j.r.c.ReportGeneratorConfiguration: Property 'jmeter.reportgenerator.graph.connectTimeOverTime.exclude_controllers' not found, using default value 'false' instead.
2025-01-14 04:02:47,846 INFO o.a.j.r.c.ReportGeneratorConfiguration: Property 'jmeter.reportgenerator.graph.latenciesOverTime.exclude_controllers' not found, using default value 'false' instead.
2025-01-14 04:02:47,846 INFO o.a.j.r.c.ReportGeneratorConfiguration: Property 'jmeter.reportgenerator.exporter.json.filters_only_sample_series' not found, using default value 'true' instead.
2025-01-14 04:02:47,847 INFO o.a.j.r.c.ReportGeneratorConfiguration: Property 'jmeter.reportgenerator.exporter.json.series_filter' not found, using default value '' instead.
2025-01-14 04:02:47,847 INFO o.a.j.r.c.ReportGeneratorConfiguration: Property 'jmeter.reportgenerator.exporter.json.show_controllers_only' not found, using default value 'false' instead.
2025-01-14 04:02:47,847 INFO o.a.j.r.c.ReportGeneratorConfiguration: Property 'jmeter.reportgenerator.exporter.html.filters_only_sample_series' not found, using default value 'true' instead.
2025-01-14 04:02:47,847 INFO o.a.j.r.c.ReportGeneratorConfiguration: Property 'jmeter.reportgenerator.exporter.html.series_filter' not found, using default value '' instead.
2025-01-14 04:02:47,847 INFO o.a.j.r.c.ReportGeneratorConfiguration: Property 'jmeter.reportgenerator.exporter.html.show_controllers_only' not found, using default value 'false' instead.
2025-01-14 04:02:47,859 INFO o.a.j.e.StandardJMeterEngine: Running the test!
2025-01-14 04:02:47,861 INFO o.a.j.s.SampleEvent: List of sample_variables: []
2025-01-14 04:02:47,861 INFO o.a.j.s.SampleEvent: List of sample_variables: []
2025-01-14 04:02:47,881 INFO o.a.j.e.u.CompoundVariable: Note: Function class names must contain the string: '.functions.'
2025-01-14 04:02:47,881 INFO o.a.j.e.u.CompoundVariable: Note: Function class names must not contain the string: '.gui.'
2025-01-14 04:02:48,187 INFO o.a.j.JMeter: Running test (1736827368187)
2025-01-14 04:02:48,228 INFO o.a.j.e.StandardJMeterEngine: Starting ThreadGroup: 1 : Thread Group
2025-01-14 04:02:48,228 INFO o.a.j.e.StandardJMeterEngine: Starting 100 threads for group Thread Group.
2025-01-14 04:02:48,228 INFO o.a.j.e.StandardJMeterEngine: Thread will continue on error
2025-01-14 04:02:48,228 INFO o.a.j.t.ThreadGroup: Starting thread group... number=1 threads=100 ramp-up=1 delayedStart=false
2025-01-14 04:02:48,257 INFO o.a.j.t.JMeterThread: Thread started: Thread Group 1-2
2025-01-14 04:02:48,275 INFO o.a.j.t.JMeterThread: Thread started: Thread Group 1-1
2025-01-14 04:02:48,284 INFO o.a.j.t.JMeterThread: Thread started: Thread Group 1-3
2025-01-14 04:02:48,284 INFO o.a.j.t.JMeterThread: Thread started: Thread Group 1-5
2025-01-14 04:02:48,289 INFO o.a.j.t.JMeterThread: Thread started: Thread Group 1-4
2025-01-14 04:02:48,292 INFO o.a.j.t.JMeterThread: Thread started: Thread Group 1-6
2025-01-14 04:02:48,301 INFO o.a.j.t.JMeterThread: Thread started: Thread Group 1-7
2025-01-14 04:02:48,302 INFO o.a.j.p.h.s.HTTPHCAbstractImpl: Local host = huanghj
2025-01-14 04:02:48,309 INFO o.a.j.p.h.s.HTTPHC4Impl: HTTP request retry count = 0
2025-01-14 04:02:48,310 INFO o.a.j.t.JMeterThread: Thread started: Thread Group 1-8
2025-01-14 04:02:48,310 INFO o.a.j.s.SampleResult: Note: Sample TimeStamps are START times
2025-01-14 04:02:48,311 INFO o.a.j.s.SampleResult: sampleresult.default.encoding is set to UTF-8
2025-01-14 04:02:48,311 INFO o.a.j.s.SampleResult: sampleresult.useNanoTime=true
2025-01-14 04:02:48,311 INFO o.a.j.s.SampleResult: sampleresult.nanoThreadSleep=5000
2025-01-14 04:02:48,319 INFO o.a.j.t.JMeterThread: Thread started: Thread Group 1-9
2025-01-14 04:02:48,328 INFO o.a.j.t.JMeterThread: Thread started: Thread Group 1-10
2025-01-14 04:02:48,359 INFO o.a.j.t.JMeterThread: Thread started: Thread Group 1-11
2025-01-14 04:02:48,366 INFO o.a.j.t.JMeterThread: Thread started: Thread Group 1-13
2025-01-14 04:02:48,368 INFO o.a.j.t.JMeterThread: Thread started: Thread Group 1-12
2025-01-14 04:02:48,380 INFO o.a.j.t.JMeterThread: Thread started: Thread Group 1-14
2025-01-14 04:02:48,382 INFO o.a.j.t.JMeterThread: Thread started: Thread Group 1-15
2025-01-14 04:02:48,387 INFO o.a.j.t.JMeterThread: Thread started: Thread Group 1-16
2025-01-14 04:02:48,403 INFO o.a.j.t.JMeterThread: Thread started: Thread Group 1-18
2025-01-14 04:02:48,408 INFO o.a.j.t.JMeterThread: Thread started: Thread Group 1-17
2025-01-14 04:02:48,413 INFO o.a.j.t.JMeterThread: Thread started: Thread Group 1-19
2025-01-14 04:02:48,424 INFO o.a.j.t.JMeterThread: Thread started: Thread Group 1-20
2025-01-14 04:02:48,434 INFO o.a.j.t.JMeterThread: Thread started: Thread Group 1-21
2025-01-14 04:02:48,440 INFO o.a.j.t.JMeterThread: Thread started: Thread Group 1-22
2025-01-14 04:02:48,451 INFO o.a.j.t.JMeterThread: Thread started: Thread Group 1-23
2025-01-14 04:02:48,464 INFO o.a.j.t.JMeterThread: Thread started: Thread Group 1-24
2025-01-14 04:02:48,469 INFO o.a.j.t.JMeterThread: Thread started: Thread Group 1-25
2025-01-14 04:02:48,480 INFO o.a.j.t.JMeterThread: Thread started: Thread Group 1-26
2025-01-14 04:02:48,490 INFO o.a.j.t.JMeterThread: Thread started: Thread Group 1-27
2025-01-14 04:02:48,507 INFO o.a.j.t.JMeterThread: Thread is done: Thread Group 1-9
2025-01-14 04:02:48,508 INFO o.a.j.t.JMeterThread: Thread finished: Thread Group 1-9
2025-01-14 04:02:48,513 INFO o.a.j.t.JMeterThread: Thread started: Thread Group 1-28
2025-01-14 04:02:48,520 INFO o.a.j.t.JMeterThread: Thread started: Thread Group 1-29
2025-01-14 04:02:48,524 INFO o.a.j.t.JMeterThread: Thread is done: Thread Group 1-5
2025-01-14 04:02:48,526 INFO o.a.j.t.JMeterThread: Thread finished: Thread Group 1-5
2025-01-14 04:02:48,526 INFO o.a.j.t.JMeterThread: Thread is done: Thread Group 1-18
2025-01-14 04:02:48,524 INFO o.a.j.t.JMeterThread: Thread is done: Thread Group 1-14
2025-01-14 04:02:48,525 INFO o.a.j.t.JMeterThread: Thread is done: Thread Group 1-22
2025-01-14 04:02:48,527 INFO o.a.j.t.JMeterThread: Thread finished: Thread Group 1-14
2025-01-14 04:02:48,525 INFO o.a.j.t.JMeterThread: Thread is done: Thread Group 1-10
2025-01-14 04:02:48,525 INFO o.a.j.t.ThreadGroup: Started thread group number 1
2025-01-14 04:02:48,528 INFO o.a.j.t.JMeterThread: Thread finished: Thread Group 1-10
2025-01-14 04:02:48,528 INFO o.a.j.e.StandardJMeterEngine: All thread groups have been started
2025-01-14 04:02:48,525 INFO o.a.j.t.JMeterThread: Thread is done: Thread Group 1-15
2025-01-14 04:02:48,528 INFO o.a.j.t.JMeterThread: Thread finished: Thread Group 1-15
2025-01-14 04:02:48,524 INFO o.a.j.t.JMeterThread: Thread is done: Thread Group 1-17
2025-01-14 04:02:48,524 INFO o.a.j.t.JMeterThread: Thread is done: Thread Group 1-20
2025-01-14 04:02:48,531 INFO o.a.j.t.JMeterThread: Thread finished: Thread Group 1-17
2025-01-14 04:02:48,524 INFO o.a.j.t.JMeterThread: Thread is done: Thread Group 1-2
2025-01-14 04:02:48,531 INFO o.a.j.t.JMeterThread: Thread started: Thread Group 1-31
2025-01-14 04:02:48,531 INFO o.a.j.t.JMeterThread: Thread finished: Thread Group 1-2
2025-01-14 04:02:48,530 INFO o.a.j.t.JMeterThread: Thread finished: Thread Group 1-20
2025-01-14 04:02:48,527 INFO o.a.j.t.JMeterThread: Thread finished: Thread Group 1-18
2025-01-14 04:02:48,530 INFO o.a.j.t.JMeterThread: Thread started: Thread Group 1-30
2025-01-14 04:02:48,533 INFO o.a.j.t.JMeterThread: Thread is done: Thread Group 1-3
2025-01-14 04:02:48,534 INFO o.a.j.t.JMeterThread: Thread finished: Thread Group 1-22
2025-01-14 04:02:48,534 INFO o.a.j.t.JMeterThread: Thread finished: Thread Group 1-3
2025-01-14 04:02:48,536 INFO o.a.j.t.JMeterThread: Thread is done: Thread Group 1-1
2025-01-14 04:02:48,536 INFO o.a.j.t.JMeterThread: Thread finished: Thread Group 1-1
2025-01-14 04:02:48,541 INFO o.a.j.t.JMeterThread: Thread is done: Thread Group 1-13
2025-01-14 04:02:48,541 INFO o.a.j.t.JMeterThread: Thread finished: Thread Group 1-13
2025-01-14 04:02:48,546 INFO o.a.j.t.JMeterThread: Thread is done: Thread Group 1-4
2025-01-14 04:02:48,546 INFO o.a.j.t.JMeterThread: Thread finished: Thread Group 1-4
2025-01-14 04:02:48,547 INFO o.a.j.t.JMeterThread: Thread started: Thread Group 1-32
2025-01-14 04:02:48,555 INFO o.a.j.t.JMeterThread: Thread is done: Thread Group 1-23
2025-01-14 04:02:48,555 INFO o.a.j.t.JMeterThread: Thread finished: Thread Group 1-23
2025-01-14 04:02:48,558 INFO o.a.j.t.JMeterThread: Thread started: Thread Group 1-33
2025-01-14 04:02:48,563 INFO o.a.j.t.JMeterThread: Thread is done: Thread Group 1-16
2025-01-14 04:02:48,563 INFO o.a.j.t.JMeterThread: Thread finished: Thread Group 1-16
2025-01-14 04:02:48,564 INFO o.a.j.t.JMeterThread: Thread started: Thread Group 1-34
2025-01-14 04:02:48,571 INFO o.a.j.t.JMeterThread: Thread is done: Thread Group 1-8
2025-01-14 04:02:48,571 INFO o.a.j.t.JMeterThread: Thread finished: Thread Group 1-8
2025-01-14 04:02:48,571 INFO o.a.j.t.JMeterThread: Thread started: Thread Group 1-35
2025-01-14 04:02:48,580 INFO o.a.j.t.JMeterThread: Thread is done: Thread Group 1-21
2025-01-14 04:02:48,581 INFO o.a.j.t.JMeterThread: Thread finished: Thread Group 1-21
2025-01-14 04:02:48,586 INFO o.a.j.t.JMeterThread: Thread is done: Thread Group 1-12
2025-01-14 04:02:48,586 INFO o.a.j.t.JMeterThread: Thread finished: Thread Group 1-12
2025-01-14 04:02:48,590 INFO o.a.j.t.JMeterThread: Thread started: Thread Group 1-36
2025-01-14 04:02:48,590 INFO o.a.j.t.JMeterThread: Thread started: Thread Group 1-37
2025-01-14 04:02:48,595 INFO o.a.j.t.JMeterThread: Thread is done: Thread Group 1-6
2025-01-14 04:02:48,595 INFO o.a.j.t.JMeterThread: Thread finished: Thread Group 1-6
2025-01-14 04:02:48,601 INFO o.a.j.t.JMeterThread: Thread is done: Thread Group 1-7
2025-01-14 04:02:48,601 INFO o.a.j.t.JMeterThread: Thread finished: Thread Group 1-7
2025-01-14 04:02:48,601 INFO o.a.j.t.JMeterThread: Thread started: Thread Group 1-38
2025-01-14 04:02:48,607 INFO o.a.j.t.JMeterThread: Thread is done: Thread Group 1-19
2025-01-14 04:02:48,608 INFO o.a.j.t.JMeterThread: Thread finished: Thread Group 1-19
2025-01-14 04:02:48,610 INFO o.a.j.t.JMeterThread: Thread started: Thread Group 1-39
2025-01-14 04:02:48,614 INFO o.a.j.t.JMeterThread: Thread is done: Thread Group 1-11
2025-01-14 04:02:48,614 INFO o.a.j.t.JMeterThread: Thread finished: Thread Group 1-11
2025-01-14 04:02:48,621 INFO o.a.j.t.JMeterThread: Thread is done: Thread Group 1-24
2025-01-14 04:02:48,621 INFO o.a.j.t.JMeterThread: Thread finished: Thread Group 1-24
2025-01-14 04:02:48,625 INFO o.a.j.t.JMeterThread: Thread started: Thread Group 1-40
2025-01-14 04:02:48,628 INFO o.a.j.t.JMeterThread: Thread is done: Thread Group 1-25
2025-01-14 04:02:48,628 INFO o.a.j.t.JMeterThread: Thread finished: Thread Group 1-25
2025-01-14 04:02:48,630 INFO o.a.j.t.JMeterThread: Thread started: Thread Group 1-41
2025-01-14 04:02:48,634 INFO o.a.j.t.JMeterThread: Thread is done: Thread Group 1-26
2025-01-14 04:02:48,634 INFO o.a.j.t.JMeterThread: Thread finished: Thread Group 1-26
2025-01-14 04:02:48,639 INFO o.a.j.t.JMeterThread: Thread is done: Thread Group 1-27
2025-01-14 04:02:48,639 INFO o.a.j.t.JMeterThread: Thread finished: Thread Group 1-27
2025-01-14 04:02:48,644 INFO o.a.j.t.JMeterThread: Thread is done: Thread Group 1-28
2025-01-14 04:02:48,645 INFO o.a.j.t.JMeterThread: Thread finished: Thread Group 1-28
2025-01-14 04:02:48,645 INFO o.a.j.t.JMeterThread: Thread started: Thread Group 1-42
2025-01-14 04:02:48,650 INFO o.a.j.t.JMeterThread: Thread is done: Thread Group 1-29
2025-01-14 04:02:48,650 INFO o.a.j.t.JMeterThread: Thread finished: Thread Group 1-29
2025-01-14 04:02:48,654 INFO o.a.j.t.JMeterThread: Thread started: Thread Group 1-43
2025-01-14 04:02:48,655 INFO o.a.j.t.JMeterThread: Thread is done: Thread Group 1-31
2025-01-14 04:02:48,655 INFO o.a.j.t.JMeterThread: Thread finished: Thread Group 1-31
2025-01-14 04:02:48,659 INFO o.a.j.t.JMeterThread: Thread started: Thread Group 1-44
2025-01-14 04:02:48,661 INFO o.a.j.t.JMeterThread: Thread is done: Thread Group 1-30
2025-01-14 04:02:48,661 INFO o.a.j.t.JMeterThread: Thread finished: Thread Group 1-30
2025-01-14 04:02:48,666 INFO o.a.j.t.JMeterThread: Thread is done: Thread Group 1-32
2025-01-14 04:02:48,666 INFO o.a.j.t.JMeterThread: Thread finished: Thread Group 1-32
2025-01-14 04:02:48,670 INFO o.a.j.t.JMeterThread: Thread started: Thread Group 1-45
2025-01-14 04:02:48,672 INFO o.a.j.t.JMeterThread: Thread is done: Thread Group 1-33
2025-01-14 04:02:48,672 INFO o.a.j.t.JMeterThread: Thread finished: Thread Group 1-33
2025-01-14 04:02:48,678 INFO o.a.j.t.JMeterThread: Thread is done: Thread Group 1-34
2025-01-14 04:02:48,678 INFO o.a.j.t.JMeterThread: Thread finished: Thread Group 1-34
2025-01-14 04:02:48,679 INFO o.a.j.t.JMeterThread: Thread started: Thread Group 1-46
2025-01-14 04:02:48,684 INFO o.a.j.t.JMeterThread: Thread is done: Thread Group 1-35
2025-01-14 04:02:48,684 INFO o.a.j.t.JMeterThread: Thread finished: Thread Group 1-35
2025-01-14 04:02:48,690 INFO o.a.j.t.JMeterThread: Thread is done: Thread Group 1-36
2025-01-14 04:02:48,690 INFO o.a.j.t.JMeterThread: Thread finished: Thread Group 1-36
2025-01-14 04:02:48,692 INFO o.a.j.t.JMeterThread: Thread started: Thread Group 1-47
2025-01-14 04:02:48,696 INFO o.a.j.t.JMeterThread: Thread is done: Thread Group 1-37
2025-01-14 04:02:48,697 INFO o.a.j.t.JMeterThread: Thread finished: Thread Group 1-37
2025-01-14 04:02:48,700 INFO o.a.j.t.JMeterThread: Thread started: Thread Group 1-48
2025-01-14 04:02:48,701 INFO o.a.j.t.JMeterThread: Thread is done: Thread Group 1-38
2025-01-14 04:02:48,701 INFO o.a.j.t.JMeterThread: Thread finished: Thread Group 1-38
2025-01-14 04:02:48,708 INFO o.a.j.t.JMeterThread: Thread is done: Thread Group 1-39
2025-01-14 04:02:48,708 INFO o.a.j.t.JMeterThread: Thread finished: Thread Group 1-39
2025-01-14 04:02:48,710 INFO o.a.j.t.JMeterThread: Thread started: Thread Group 1-49
2025-01-14 04:02:48,713 INFO o.a.j.t.JMeterThread: Thread is done: Thread Group 1-40
2025-01-14 04:02:48,713 INFO o.a.j.t.JMeterThread: Thread finished: Thread Group 1-40
2025-01-14 04:02:48,718 INFO o.a.j.t.JMeterThread: Thread is done: Thread Group 1-41
2025-01-14 04:02:48,719 INFO o.a.j.t.JMeterThread: Thread finished: Thread Group 1-41
2025-01-14 04:02:48,719 INFO o.a.j.t.JMeterThread: Thread started: Thread Group 1-50
2025-01-14 04:02:48,724 INFO o.a.j.t.JMeterThread: Thread is done: Thread Group 1-42
2025-01-14 04:02:48,724 INFO o.a.j.t.JMeterThread: Thread finished: Thread Group 1-42
2025-01-14 04:02:48,728 INFO o.a.j.t.JMeterThread: Thread is done: Thread Group 1-43
2025-01-14 04:02:48,729 INFO o.a.j.t.JMeterThread: Thread finished: Thread Group 1-43
2025-01-14 04:02:48,729 INFO o.a.j.t.JMeterThread: Thread started: Thread Group 1-51
2025-01-14 04:02:48,734 INFO o.a.j.t.JMeterThread: Thread is done: Thread Group 1-44
2025-01-14 04:02:48,734 INFO o.a.j.t.JMeterThread: Thread finished: Thread Group 1-44
2025-01-14 04:02:48,740 INFO o.a.j.t.JMeterThread: Thread is done: Thread Group 1-45
2025-01-14 04:02:48,740 INFO o.a.j.t.JMeterThread: Thread finished: Thread Group 1-45
2025-01-14 04:02:48,742 INFO o.a.j.t.JMeterThread: Thread started: Thread Group 1-52
2025-01-14 04:02:48,745 INFO o.a.j.t.JMeterThread: Thread is done: Thread Group 1-46
2025-01-14 04:02:48,745 INFO o.a.j.t.JMeterThread: Thread finished: Thread Group 1-46
2025-01-14 04:02:48,750 INFO o.a.j.t.JMeterThread: Thread is done: Thread Group 1-47
2025-01-14 04:02:48,751 INFO o.a.j.t.JMeterThread: Thread finished: Thread Group 1-47
2025-01-14 04:02:48,752 INFO o.a.j.t.JMeterThread: Thread started: Thread Group 1-53
2025-01-14 04:02:48,758 INFO o.a.j.t.JMeterThread: Thread is done: Thread Group 1-48
2025-01-14 04:02:48,758 INFO o.a.j.t.JMeterThread: Thread finished: Thread Group 1-48
2025-01-14 04:02:48,760 INFO o.a.j.t.JMeterThread: Thread started: Thread Group 1-54
2025-01-14 04:02:48,767 INFO o.a.j.t.JMeterThread: Thread is done: Thread Group 1-49
2025-01-14 04:02:48,767 INFO o.a.j.t.JMeterThread: Thread finished: Thread Group 1-49
2025-01-14 04:02:48,773 INFO o.a.j.t.JMeterThread: Thread is done: Thread Group 1-50
2025-01-14 04:02:48,776 INFO o.a.j.t.JMeterThread: Thread is done: Thread Group 1-54
2025-01-14 04:02:48,776 INFO o.a.j.t.JMeterThread: Thread is done: Thread Group 1-51
2025-01-14 04:02:48,776 INFO o.a.j.t.JMeterThread: Thread finished: Thread Group 1-54
2025-01-14 04:02:48,776 INFO o.a.j.t.JMeterThread: Thread finished: Thread Group 1-51
2025-01-14 04:02:48,777 INFO o.a.j.t.JMeterThread: Thread is done: Thread Group 1-52
2025-01-14 04:02:48,777 INFO o.a.j.t.JMeterThread: Thread finished: Thread Group 1-52
2025-01-14 04:02:48,777 INFO o.a.j.t.JMeterThread: Thread is done: Thread Group 1-53
2025-01-14 04:02:48,778 INFO o.a.j.t.JMeterThread: Thread finished: Thread Group 1-53
2025-01-14 04:02:48,775 INFO o.a.j.t.JMeterThread: Thread finished: Thread Group 1-50
2025-01-14 04:02:48,788 INFO o.a.j.t.JMeterThread: Thread started: Thread Group 1-56
2025-01-14 04:02:48,791 INFO o.a.j.t.JMeterThread: Thread is done: Thread Group 1-56
2025-01-14 04:02:48,792 INFO o.a.j.t.JMeterThread: Thread finished: Thread Group 1-56
2025-01-14 04:02:48,800 INFO o.a.j.t.JMeterThread: Thread started: Thread Group 1-58
2025-01-14 04:02:48,802 INFO o.a.j.t.JMeterThread: Thread started: Thread Group 1-55
2025-01-14 04:02:48,803 INFO o.a.j.t.JMeterThread: Thread is done: Thread Group 1-58
2025-01-14 04:02:48,803 INFO o.a.j.t.JMeterThread: Thread finished: Thread Group 1-58
2025-01-14 04:02:48,806 INFO o.a.j.t.JMeterThread: Thread is done: Thread Group 1-55
2025-01-14 04:02:48,806 INFO o.a.j.t.JMeterThread: Thread finished: Thread Group 1-55
2025-01-14 04:02:48,810 INFO o.a.j.t.JMeterThread: Thread started: Thread Group 1-57
2025-01-14 04:02:48,813 INFO o.a.j.t.JMeterThread: Thread is done: Thread Group 1-57
2025-01-14 04:02:48,813 INFO o.a.j.t.JMeterThread: Thread finished: Thread Group 1-57
2025-01-14 04:02:48,816 INFO o.a.j.t.JMeterThread: Thread started: Thread Group 1-59
2025-01-14 04:02:48,819 INFO o.a.j.t.JMeterThread: Thread started: Thread Group 1-60
2025-01-14 04:02:48,823 INFO o.a.j.t.JMeterThread: Thread is done: Thread Group 1-59
2025-01-14 04:02:48,823 INFO o.a.j.t.JMeterThread: Thread finished: Thread Group 1-59
2025-01-14 04:02:48,825 INFO o.a.j.t.JMeterThread: Thread is done: Thread Group 1-60
2025-01-14 04:02:48,825 INFO o.a.j.t.JMeterThread: Thread finished: Thread Group 1-60
2025-01-14 04:02:48,830 INFO o.a.j.t.JMeterThread: Thread started: Thread Group 1-61
2025-01-14 04:02:48,834 INFO o.a.j.t.JMeterThread: Thread is done: Thread Group 1-61
2025-01-14 04:02:48,834 INFO o.a.j.t.JMeterThread: Thread finished: Thread Group 1-61
2025-01-14 04:02:48,839 INFO o.a.j.t.JMeterThread: Thread started: Thread Group 1-62
2025-01-14 04:02:48,843 INFO o.a.j.t.JMeterThread: Thread is done: Thread Group 1-62
2025-01-14 04:02:48,843 INFO o.a.j.t.JMeterThread: Thread finished: Thread Group 1-62
2025-01-14 04:02:48,850 INFO o.a.j.t.JMeterThread: Thread started: Thread Group 1-63
2025-01-14 04:02:48,854 INFO o.a.j.t.JMeterThread: Thread is done: Thread Group 1-63
2025-01-14 04:02:48,854 INFO o.a.j.t.JMeterThread: Thread finished: Thread Group 1-63
2025-01-14 04:02:48,860 INFO o.a.j.t.JMeterThread: Thread started: Thread Group 1-64
2025-01-14 04:02:48,865 INFO o.a.j.t.JMeterThread: Thread is done: Thread Group 1-64
2025-01-14 04:02:48,865 INFO o.a.j.t.JMeterThread: Thread finished: Thread Group 1-64
2025-01-14 04:02:48,882 INFO o.a.j.t.JMeterThread: Thread started: Thread Group 1-66
2025-01-14 04:02:48,887 INFO o.a.j.t.JMeterThread: Thread started: Thread Group 1-65
2025-01-14 04:02:48,889 INFO o.a.j.t.JMeterThread: Thread is done: Thread Group 1-66
2025-01-14 04:02:48,889 INFO o.a.j.t.JMeterThread: Thread finished: Thread Group 1-66
2025-01-14 04:02:48,891 INFO o.a.j.t.JMeterThread: Thread started: Thread Group 1-67
2025-01-14 04:02:48,894 INFO o.a.j.t.JMeterThread: Thread is done: Thread Group 1-65
2025-01-14 04:02:48,894 INFO o.a.j.t.JMeterThread: Thread finished: Thread Group 1-65
2025-01-14 04:02:48,896 INFO o.a.j.t.JMeterThread: Thread is done: Thread Group 1-67
2025-01-14 04:02:48,896 INFO o.a.j.t.JMeterThread: Thread finished: Thread Group 1-67
2025-01-14 04:02:48,908 INFO o.a.j.t.JMeterThread: Thread started: Thread Group 1-68
2025-01-14 04:02:48,911 INFO o.a.j.t.JMeterThread: Thread started: Thread Group 1-69
2025-01-14 04:02:48,914 INFO o.a.j.t.JMeterThread: Thread is done: Thread Group 1-69
2025-01-14 04:02:48,914 INFO o.a.j.t.JMeterThread: Thread finished: Thread Group 1-69
2025-01-14 04:02:48,914 INFO o.a.j.t.JMeterThread: Thread is done: Thread Group 1-68
2025-01-14 04:02:48,914 INFO o.a.j.t.JMeterThread: Thread finished: Thread Group 1-68
2025-01-14 04:02:48,921 INFO o.a.j.t.JMeterThread: Thread started: Thread Group 1-70
2025-01-14 04:02:48,925 INFO o.a.j.t.JMeterThread: Thread is done: Thread Group 1-70
2025-01-14 04:02:48,925 INFO o.a.j.t.JMeterThread: Thread finished: Thread Group 1-70
2025-01-14 04:02:48,933 INFO o.a.j.t.JMeterThread: Thread started: Thread Group 1-71
2025-01-14 04:02:48,938 INFO o.a.j.t.JMeterThread: Thread is done: Thread Group 1-71
2025-01-14 04:02:48,938 INFO o.a.j.t.JMeterThread: Thread finished: Thread Group 1-71
2025-01-14 04:02:48,941 INFO o.a.j.t.JMeterThread: Thread started: Thread Group 1-72
2025-01-14 04:02:48,945 INFO o.a.j.t.JMeterThread: Thread is done: Thread Group 1-72
2025-01-14 04:02:48,946 INFO o.a.j.t.JMeterThread: Thread finished: Thread Group 1-72
2025-01-14 04:02:48,955 INFO o.a.j.t.JMeterThread: Thread started: Thread Group 1-73
2025-01-14 04:02:48,960 INFO o.a.j.t.JMeterThread: Thread is done: Thread Group 1-73
2025-01-14 04:02:48,960 INFO o.a.j.t.JMeterThread: Thread finished: Thread Group 1-73
2025-01-14 04:02:48,968 INFO o.a.j.t.JMeterThread: Thread started: Thread Group 1-74
2025-01-14 04:02:48,970 INFO o.a.j.t.JMeterThread: Thread started: Thread Group 1-75
2025-01-14 04:02:48,975 INFO o.a.j.t.JMeterThread: Thread is done: Thread Group 1-74
2025-01-14 04:02:48,975 INFO o.a.j.t.JMeterThread: Thread finished: Thread Group 1-74
2025-01-14 04:02:48,976 INFO o.a.j.t.JMeterThread: Thread is done: Thread Group 1-75
2025-01-14 04:02:48,976 INFO o.a.j.t.JMeterThread: Thread finished: Thread Group 1-75
2025-01-14 04:02:48,979 INFO o.a.j.t.JMeterThread: Thread started: Thread Group 1-76
2025-01-14 04:02:48,984 INFO o.a.j.t.JMeterThread: Thread is done: Thread Group 1-76
2025-01-14 04:02:48,984 INFO o.a.j.t.JMeterThread: Thread finished: Thread Group 1-76
2025-01-14 04:02:48,990 INFO o.a.j.t.JMeterThread: Thread started: Thread Group 1-77
2025-01-14 04:02:48,994 INFO o.a.j.t.JMeterThread: Thread is done: Thread Group 1-77
2025-01-14 04:02:48,994 INFO o.a.j.t.JMeterThread: Thread finished: Thread Group 1-77
2025-01-14 04:02:49,005 INFO o.a.j.t.JMeterThread: Thread started: Thread Group 1-78
2025-01-14 04:02:49,010 INFO o.a.j.t.JMeterThread: Thread is done: Thread Group 1-78
2025-01-14 04:02:49,010 INFO o.a.j.t.JMeterThread: Thread finished: Thread Group 1-78
2025-01-14 04:02:49,019 INFO o.a.j.t.JMeterThread: Thread started: Thread Group 1-79
2025-01-14 04:02:49,023 INFO o.a.j.t.JMeterThread: Thread is done: Thread Group 1-79
2025-01-14 04:02:49,023 INFO o.a.j.t.JMeterThread: Thread finished: Thread Group 1-79
2025-01-14 04:02:49,029 INFO o.a.j.t.JMeterThread: Thread started: Thread Group 1-81
2025-01-14 04:02:49,034 INFO o.a.j.t.JMeterThread: Thread is done: Thread Group 1-81
2025-01-14 04:02:49,034 INFO o.a.j.t.JMeterThread: Thread finished: Thread Group 1-81
2025-01-14 04:02:49,035 INFO o.a.j.t.JMeterThread: Thread started: Thread Group 1-80
2025-01-14 04:02:49,039 INFO o.a.j.t.JMeterThread: Thread is done: Thread Group 1-80
2025-01-14 04:02:49,040 INFO o.a.j.t.JMeterThread: Thread finished: Thread Group 1-80
2025-01-14 04:02:49,040 INFO o.a.j.t.JMeterThread: Thread started: Thread Group 1-82
2025-01-14 04:02:49,045 INFO o.a.j.t.JMeterThread: Thread is done: Thread Group 1-82
2025-01-14 04:02:49,045 INFO o.a.j.t.JMeterThread: Thread finished: Thread Group 1-82
2025-01-14 04:02:49,056 INFO o.a.j.t.JMeterThread: Thread started: Thread Group 1-83
2025-01-14 04:02:49,059 INFO o.a.j.t.JMeterThread: Thread started: Thread Group 1-84
2025-01-14 04:02:49,061 INFO o.a.j.t.JMeterThread: Thread is done: Thread Group 1-83
2025-01-14 04:02:49,061 INFO o.a.j.t.JMeterThread: Thread finished: Thread Group 1-83
2025-01-14 04:02:49,064 INFO o.a.j.t.JMeterThread: Thread is done: Thread Group 1-84
2025-01-14 04:02:49,064 INFO o.a.j.t.JMeterThread: Thread finished: Thread Group 1-84
2025-01-14 04:02:49,080 INFO o.a.j.t.JMeterThread: Thread started: Thread Group 1-86
2025-01-14 04:02:49,084 INFO o.a.j.t.JMeterThread: Thread started: Thread Group 1-85
2025-01-14 04:02:49,089 INFO o.a.j.t.JMeterThread: Thread is done: Thread Group 1-86
2025-01-14 04:02:49,090 INFO o.a.j.t.JMeterThread: Thread finished: Thread Group 1-86
2025-01-14 04:02:49,091 INFO o.a.j.t.JMeterThread: Thread is done: Thread Group 1-85
2025-01-14 04:02:49,091 INFO o.a.j.t.JMeterThread: Thread finished: Thread Group 1-85
2025-01-14 04:02:49,092 INFO o.a.j.t.JMeterThread: Thread started: Thread Group 1-87
2025-01-14 04:02:49,099 INFO o.a.j.t.JMeterThread: Thread started: Thread Group 1-88
2025-01-14 04:02:49,100 INFO o.a.j.t.JMeterThread: Thread is done: Thread Group 1-87
2025-01-14 04:02:49,100 INFO o.a.j.t.JMeterThread: Thread finished: Thread Group 1-87
2025-01-14 04:02:49,104 INFO o.a.j.t.JMeterThread: Thread is done: Thread Group 1-88
2025-01-14 04:02:49,104 INFO o.a.j.t.JMeterThread: Thread finished: Thread Group 1-88
2025-01-14 04:02:49,110 INFO o.a.j.t.JMeterThread: Thread started: Thread Group 1-89
2025-01-14 04:02:49,112 INFO o.a.j.t.JMeterThread: Thread is done: Thread Group 1-89
2025-01-14 04:02:49,112 INFO o.a.j.t.JMeterThread: Thread finished: Thread Group 1-89
2025-01-14 04:02:49,129 INFO o.a.j.t.JMeterThread: Thread started: Thread Group 1-90
2025-01-14 04:02:49,134 INFO o.a.j.t.JMeterThread: Thread is done: Thread Group 1-90
2025-01-14 04:02:49,134 INFO o.a.j.t.JMeterThread: Thread finished: Thread Group 1-90
2025-01-14 04:02:49,145 INFO o.a.j.t.JMeterThread: Thread started: Thread Group 1-92
2025-01-14 04:02:49,146 INFO o.a.j.t.JMeterThread: Thread started: Thread Group 1-91
2025-01-14 04:02:49,150 INFO o.a.j.t.JMeterThread: Thread is done: Thread Group 1-92
2025-01-14 04:02:49,150 INFO o.a.j.t.JMeterThread: Thread finished: Thread Group 1-92
2025-01-14 04:02:49,152 INFO o.a.j.t.JMeterThread: Thread is done: Thread Group 1-91
2025-01-14 04:02:49,152 INFO o.a.j.t.JMeterThread: Thread finished: Thread Group 1-91
2025-01-14 04:02:49,153 INFO o.a.j.t.JMeterThread: Thread started: Thread Group 1-93
2025-01-14 04:02:49,157 INFO o.a.j.t.JMeterThread: Thread is done: Thread Group 1-93
2025-01-14 04:02:49,157 INFO o.a.j.t.JMeterThread: Thread finished: Thread Group 1-93
2025-01-14 04:02:49,162 INFO o.a.j.t.JMeterThread: Thread started: Thread Group 1-94
2025-01-14 04:02:49,166 INFO o.a.j.t.JMeterThread: Thread is done: Thread Group 1-94
2025-01-14 04:02:49,166 INFO o.a.j.t.JMeterThread: Thread finished: Thread Group 1-94
2025-01-14 04:02:49,175 INFO o.a.j.t.JMeterThread: Thread started: Thread Group 1-95
2025-01-14 04:02:49,179 INFO o.a.j.t.JMeterThread: Thread started: Thread Group 1-96
2025-01-14 04:02:49,180 INFO o.a.j.t.JMeterThread: Thread is done: Thread Group 1-95
2025-01-14 04:02:49,180 INFO o.a.j.t.JMeterThread: Thread finished: Thread Group 1-95
2025-01-14 04:02:49,184 INFO o.a.j.t.JMeterThread: Thread is done: Thread Group 1-96
2025-01-14 04:02:49,184 INFO o.a.j.t.JMeterThread: Thread finished: Thread Group 1-96
2025-01-14 04:02:49,189 INFO o.a.j.t.JMeterThread: Thread started: Thread Group 1-97
2025-01-14 04:02:49,194 INFO o.a.j.t.JMeterThread: Thread is done: Thread Group 1-97
2025-01-14 04:02:49,194 INFO o.a.j.t.JMeterThread: Thread finished: Thread Group 1-97
2025-01-14 04:02:49,202 INFO o.a.j.t.JMeterThread: Thread started: Thread Group 1-98
2025-01-14 04:02:49,207 INFO o.a.j.t.JMeterThread: Thread is done: Thread Group 1-98
2025-01-14 04:02:49,207 INFO o.a.j.t.JMeterThread: Thread finished: Thread Group 1-98
2025-01-14 04:02:49,219 INFO o.a.j.t.JMeterThread: Thread started: Thread Group 1-99
2025-01-14 04:02:49,222 INFO o.a.j.t.JMeterThread: Thread started: Thread Group 1-100
2025-01-14 04:02:49,224 INFO o.a.j.t.JMeterThread: Thread is done: Thread Group 1-99
2025-01-14 04:02:49,225 INFO o.a.j.t.JMeterThread: Thread finished: Thread Group 1-99
2025-01-14 04:02:49,228 INFO o.a.j.t.JMeterThread: Thread is done: Thread Group 1-100
2025-01-14 04:02:49,228 INFO o.a.j.t.JMeterThread: Thread finished: Thread Group 1-100
2025-01-14 04:02:49,229 INFO o.a.j.e.StandardJMeterEngine: Notifying test listeners of end of test
2025-01-14 04:02:49,231 INFO o.a.j.r.Summariser: summary =    100 in 00:00:01 =   95.9/s Avg:    59 Min:     2 Max:   210 Err:    50 (50.00%)
2025-01-14 04:02:49,232 INFO o.a.j.JMeter: Generating Dashboard
2025-01-14 04:02:49,232 INFO o.a.j.r.d.ReportGenerator: Flushing result collector before report Generation
2025-01-14 04:02:49,251 INFO o.a.j.r.p.NormalizerSampleConsumer: Using format, 'ms', to parse timeStamp field
2025-01-14 04:02:49,331 INFO o.a.j.r.p.AbstractSampleConsumer: class org.apache.jmeter.report.processor.AggregateConsumer#stopProducing(): beginDate produced 0 samples
2025-01-14 04:02:49,332 INFO o.a.j.r.p.AbstractSampleConsumer: class org.apache.jmeter.report.processor.AggregateConsumer#stopProducing(): endDate produced 0 samples
2025-01-14 04:02:49,333 INFO o.a.j.r.p.AbstractSampleConsumer: class org.apache.jmeter.report.processor.ApdexSummaryConsumer#stopProducing(): apdexSummary produced 0 samples
2025-01-14 04:02:49,334 INFO o.a.j.r.p.AbstractSampleConsumer: class org.apache.jmeter.report.processor.RequestsSummaryConsumer#stopProducing(): requestsSummary produced 0 samples
2025-01-14 04:02:49,337 INFO o.a.j.r.p.AbstractSampleConsumer: class org.apache.jmeter.report.processor.StatisticsSummaryConsumer#stopProducing(): statisticsSummary produced 0 samples
2025-01-14 04:02:49,338 INFO o.a.j.r.p.AbstractSampleConsumer: class org.apache.jmeter.report.processor.Top5ErrorsBySamplerConsumer#stopProducing(): top5ErrorsBySampler produced 0 samples
2025-01-14 04:02:49,338 INFO o.a.j.r.p.AbstractSampleConsumer: class org.apache.jmeter.report.processor.ErrorsSummaryConsumer#stopProducing(): errorsSummary produced 0 samples
2025-01-14 04:02:49,338 INFO o.a.j.r.p.AbstractSampleConsumer: class org.apache.jmeter.report.processor.graph.impl.HitsPerSecondGraphConsumer#stopProducing(): hitsPerSecond produced 0 samples
2025-01-14 04:02:49,354 INFO o.a.j.r.p.AbstractSampleConsumer: class org.apache.jmeter.report.processor.graph.impl.LatencyVSRequestGraphConsumer#stopProducing(): latencyVsRequest produced 0 samples
2025-01-14 04:02:49,354 INFO o.a.j.r.p.AbstractSampleConsumer: class org.apache.jmeter.report.processor.graph.impl.SyntheticResponseTimeDistributionGraphConsumer#stopProducing(): syntheticResponseTimeDistribution produced 0 samples
2025-01-14 04:02:49,354 INFO o.a.j.r.p.AbstractSampleConsumer: class org.apache.jmeter.report.processor.graph.impl.BytesThroughputGraphConsumer#stopProducing(): bytesThroughputOverTime produced 0 samples
2025-01-14 04:02:49,354 INFO o.a.j.r.p.AbstractSampleConsumer: class org.apache.jmeter.report.processor.graph.impl.CodesPerSecondGraphConsumer#stopProducing(): codesPerSecond produced 0 samples
2025-01-14 04:02:49,359 INFO o.a.j.r.p.AbstractSampleConsumer: class org.apache.jmeter.report.processor.graph.impl.ResponseTimeVSRequestGraphConsumer#stopProducing(): responseTimeVsRequest produced 0 samples
2025-01-14 04:02:49,359 INFO o.a.j.r.p.AbstractSampleConsumer: class org.apache.jmeter.report.processor.FilterConsumer#stopProducing(): startIntervalControlerFilter produced 700 samples
2025-01-14 04:02:49,359 INFO o.a.j.r.p.AbstractSampleConsumer: class org.apache.jmeter.report.processor.graph.impl.TotalTPSGraphConsumer#stopProducing(): totalTPS produced 0 samples
2025-01-14 04:02:49,359 INFO o.a.j.r.p.AbstractSampleConsumer: class org.apache.jmeter.report.processor.graph.impl.ActiveThreadsGraphConsumer#stopProducing(): activeThreadsOverTime produced 0 samples
2025-01-14 04:02:49,359 INFO o.a.j.r.p.AbstractSampleConsumer: class org.apache.jmeter.report.processor.graph.impl.TimeVSThreadGraphConsumer#stopProducing(): timeVsThreads produced 0 samples
2025-01-14 04:02:49,360 INFO o.a.j.r.p.AbstractSampleConsumer: class org.apache.jmeter.report.processor.graph.impl.ResponseTimeDistributionGraphConsumer#stopProducing(): responseTimeDistribution produced 0 samples
2025-01-14 04:02:49,360 INFO o.a.j.r.p.AbstractSampleConsumer: class org.apache.jmeter.report.processor.graph.impl.TransactionsPerSecondGraphConsumer#stopProducing(): transactionsPerSecond produced 0 samples
2025-01-14 04:02:49,360 INFO o.a.j.r.p.AbstractSampleConsumer: class org.apache.jmeter.report.processor.graph.impl.ResponseTimePercentilesGraphConsumer#stopProducing(): responseTimePercentiles produced 0 samples
2025-01-14 04:02:49,360 INFO o.a.j.r.p.AbstractSampleConsumer: class org.apache.jmeter.report.processor.graph.impl.ResponseTimePercentilesOverTimeGraphConsumer#stopProducing(): responseTimePercentilesOverTime produced 0 samples
2025-01-14 04:02:49,361 INFO o.a.j.r.p.AbstractSampleConsumer: class org.apache.jmeter.report.processor.graph.impl.ResponseTimeOverTimeGraphConsumer#stopProducing(): responseTimesOverTime produced 0 samples
2025-01-14 04:02:49,361 INFO o.a.j.r.p.AbstractSampleConsumer: class org.apache.jmeter.report.processor.graph.impl.ConnectTimeOverTimeGraphConsumer#stopProducing(): connectTimeOverTime produced 0 samples
2025-01-14 04:02:49,361 INFO o.a.j.r.p.AbstractSampleConsumer: class org.apache.jmeter.report.processor.graph.impl.LatencyOverTimeGraphConsumer#stopProducing(): latenciesOverTime produced 0 samples
2025-01-14 04:02:49,361 INFO o.a.j.r.p.AbstractSampleConsumer: class org.apache.jmeter.report.processor.FilterConsumer#stopProducing(): nameFilter produced 1500 samples
2025-01-14 04:02:49,361 INFO o.a.j.r.p.AbstractSampleConsumer: class org.apache.jmeter.report.processor.FilterConsumer#stopProducing(): dateRangeFilter produced 300 samples
2025-01-14 04:02:49,361 INFO o.a.j.r.p.AbstractSampleConsumer: class org.apache.jmeter.report.processor.NormalizerSampleConsumer#stopProducing(): normalizer produced 100 samples
2025-01-14 04:02:49,361 INFO o.a.j.r.p.CsvFileSampleSource: produce(): 100 samples produced in 85ms on channel 0
2025-01-14 04:02:49,361 INFO o.a.j.r.d.ReportGenerator: Exporting data using exporter:'json' of className:'org.apache.jmeter.report.dashboard.JsonExporter'
2025-01-14 04:02:49,446 INFO o.a.j.r.d.JsonExporter: Found data for consumer statisticsSummary in context
2025-01-14 04:02:49,447 INFO o.a.j.r.d.JsonExporter: Creating statistics for overall
2025-01-14 04:02:49,447 INFO o.a.j.r.d.JsonExporter: Creating statistics for other transactions
2025-01-14 04:02:49,448 INFO o.a.j.r.d.JsonExporter: Checking output folder
2025-01-14 04:02:49,448 INFO o.a.j.r.d.JsonExporter: Writing statistics JSON to /root/ticket-seckill/jmeter/report/statistics.json
2025-01-14 04:02:49,496 INFO o.a.j.r.d.ReportGenerator: Exporting data using exporter:'html' of className:'org.apache.jmeter.report.dashboard.HtmlTemplateExporter'
2025-01-14 04:02:49,499 INFO o.a.j.r.d.HtmlTemplateExporter: Will generate dashboard in folder: /root/ticket-seckill/jmeter/report
2025-01-14 04:02:49,601 INFO o.a.j.r.d.HtmlTemplateExporter: Report will be generated in: /root/ticket-seckill/jmeter/report, creating folder structure
2025-01-14 04:02:49,604 INFO o.a.j.r.d.TemplateVisitor: Copying folder from '/usr/local/apache-jmeter-5.6.3/bin/report-template' to '/root/ticket-seckill/jmeter/report', got message: /root/ticket-seckill/jmeter/report, found non empty folder with following content [/root/ticket-seckill/jmeter/report/statistics.json], will be ignored
2025-01-14 04:02:49,780 INFO o.a.j.JMeter: Dashboard generated
